c:\users\raffy_000\desktop\directx11cube\directxtemplate\inc\simplepixelshader.h
c:\users\raffy_000\desktop\directx11cube\directxtemplate\inc\simplevertexshader.h
c:\users\raffy_000\desktop\directx11cube\directxtemplate\bin\simplepixelshader.cso
c:\users\raffy_000\desktop\directx11cube\directxtemplate\bin\simplevertexshader.cso
c:\users\raffy_000\desktop\directx11cube\directxtemplate\release\3dengine.pch
c:\users\raffy_000\desktop\directx11cube\directxtemplate\release\vc140.pdb
c:\users\raffy_000\desktop\directx11cube\directxtemplate\release\directxinclude.obj
c:\users\raffy_000\desktop\directx11cube\directxtemplate\release\main.obj
c:\users\raffy_000\desktop\directx11cube\directxtemplate\bin\3dengine.exe
c:\users\raffy_000\desktop\directx11cube\directxtemplate\bin\3dengine.ipdb
c:\users\raffy_000\desktop\directx11cube\directxtemplate\bin\3dengine.iobj
c:\users\raffy_000\desktop\directx11cube\directxtemplate\bin\3dengine.pdb
c:\users\raffy_000\desktop\directx11cube\directxtemplate\release\3dengine.tlog\3dengine.write.1u.tlog
c:\users\raffy_000\desktop\directx11cube\directxtemplate\release\3dengine.tlog\cl.command.1.tlog
c:\users\raffy_000\desktop\directx11cube\directxtemplate\release\3dengine.tlog\cl.read.1.tlog
c:\users\raffy_000\desktop\directx11cube\directxtemplate\release\3dengine.tlog\cl.write.1.tlog
c:\users\raffy_000\desktop\directx11cube\directxtemplate\release\3dengine.tlog\fxc.command.1.tlog
c:\users\raffy_000\desktop\directx11cube\directxtemplate\release\3dengine.tlog\fxc.read.1.tlog
c:\users\raffy_000\desktop\directx11cube\directxtemplate\release\3dengine.tlog\fxc.write.1.tlog
c:\users\raffy_000\desktop\directx11cube\directxtemplate\release\3dengine.tlog\link.command.1.tlog
c:\users\raffy_000\desktop\directx11cube\directxtemplate\release\3dengine.tlog\link.read.1.tlog
c:\users\raffy_000\desktop\directx11cube\directxtemplate\release\3dengine.tlog\link.write.1.tlog
