c:\users\raffy_000\desktop\directx11cube\directxtemplate\inc\simplepixelshader.h
c:\users\raffy_000\desktop\directx11cube\directxtemplate\inc\simplevertexshader.h
c:\users\raffy_000\desktop\directx11cube\directxtemplate\bin\simplepixelshader_d.cso
c:\users\raffy_000\desktop\directx11cube\directxtemplate\bin\simplevertexshader_d.cso
c:\users\raffy_000\desktop\directx11cube\directxtemplate\debug\3dengined.pch
c:\users\raffy_000\desktop\directx11cube\directxtemplate\debug\vc140.pdb
c:\users\raffy_000\desktop\directx11cube\directxtemplate\debug\vc140.idb
c:\users\raffy_000\desktop\directx11cube\directxtemplate\debug\directxinclude.obj
c:\users\raffy_000\desktop\directx11cube\directxtemplate\debug\main.obj
c:\users\raffy_000\desktop\directx11cube\directxtemplate\bin\3dengined.ilk
c:\users\raffy_000\desktop\directx11cube\directxtemplate\bin\3dengined.exe
c:\users\raffy_000\desktop\directx11cube\directxtemplate\bin\3dengined.pdb
c:\users\raffy_000\desktop\directx11cube\directxtemplate\debug\3dengine.tlog\3dengine.write.1u.tlog
c:\users\raffy_000\desktop\directx11cube\directxtemplate\debug\3dengine.tlog\cl.command.1.tlog
c:\users\raffy_000\desktop\directx11cube\directxtemplate\debug\3dengine.tlog\cl.read.1.tlog
c:\users\raffy_000\desktop\directx11cube\directxtemplate\debug\3dengine.tlog\cl.write.1.tlog
c:\users\raffy_000\desktop\directx11cube\directxtemplate\debug\3dengine.tlog\fxc.command.1.tlog
c:\users\raffy_000\desktop\directx11cube\directxtemplate\debug\3dengine.tlog\fxc.read.1.tlog
c:\users\raffy_000\desktop\directx11cube\directxtemplate\debug\3dengine.tlog\fxc.write.1.tlog
c:\users\raffy_000\desktop\directx11cube\directxtemplate\debug\3dengine.tlog\link.command.1.tlog
c:\users\raffy_000\desktop\directx11cube\directxtemplate\debug\3dengine.tlog\link.read.1.tlog
c:\users\raffy_000\desktop\directx11cube\directxtemplate\debug\3dengine.tlog\link.write.1.tlog
