Build started 02/09/2015 18:48:46.
     1>Project "C:\Users\raffy_000\Documents\GitHubVisualStudio\DirectXCube\DirectX11Cube\DirectXTemplate\DirectXTemplate.vcxproj" on node 2 (Build target(s)).
     1>C:\Program Files (x86)\MSBuild\Microsoft.Cpp\v4.0\V140\Microsoft.CppBuild.targets(392,5): warning MSB8028: The intermediate directory (Debug\) contains files shared from another project (DirectXTemplate.vcxproj).  This can lead to incorrect clean and rebuild behavior.
     1>FxCompile:
         C:\Program Files (x86)\Windows Kits\8.1\bin\x86\fxc.exe /nologo /E"SimplePixelShader" /T ps_4_0 /Fh "inc/SimplePixelShader.h" /Fo "bin\SimplePixelShader_d.cso" /Vn "g_SimplePixelShader" /Od /Zi data\Shaders\SimplePixelShader.hlsl 
         compilation header save succeeded; see C:\Users\raffy_000\Documents\GitHubVisualStudio\DirectXCube\DirectX11Cube\DirectXTemplate\inc\SimplePixelShader.h
         compilation object save succeeded; see C:\Users\raffy_000\Documents\GitHubVisualStudio\DirectXCube\DirectX11Cube\DirectXTemplate\bin\SimplePixelShader_d.cso
         C:\Program Files (x86)\Windows Kits\8.1\bin\x86\fxc.exe /nologo /E"SimpleVertexShader" /T vs_4_0 /Fh "inc/SimpleVertexShader.h" /Fo "bin\SimpleVertexShader_d.cso" /Vn "g_SimpleVertexShader" /Od /Zi data\Shaders\SimpleVertexShader.hlsl 
         compilation header save succeeded; see C:\Users\raffy_000\Documents\GitHubVisualStudio\DirectXCube\DirectX11Cube\DirectXTemplate\inc\SimpleVertexShader.h
         compilation object save succeeded; see C:\Users\raffy_000\Documents\GitHubVisualStudio\DirectXCube\DirectX11Cube\DirectXTemplate\bin\SimpleVertexShader_d.cso
       ClCompile:
         C:\Program Files (x86)\Microsoft Visual Studio 14.0\VC\bin\CL.exe /c /Iinc /ZI /nologo /W3 /WX- /sdl /Od /Oy- /D _MBCS /Gm /EHsc /RTC1 /MDd /GS /fp:precise /Zc:wchar_t /Zc:forScope /Zc:inline /Yc"DirectXInclude.h" /Fp"Debug\3DEngined.pch" /Fo"Debug\\" /Fd"Debug\vc140.pdb" /Gd /TP /analyze- /errorReport:prompt src\DirectXInclude.cpp
         DirectXInclude.cpp
         C:\Program Files (x86)\Microsoft Visual Studio 14.0\VC\bin\CL.exe /c /Iinc /ZI /nologo /W3 /WX- /sdl /Od /Oy- /D _MBCS /Gm /EHsc /RTC1 /MDd /GS /fp:precise /Zc:wchar_t /Zc:forScope /Zc:inline /Yu"DirectXInclude.h" /Fp"Debug\3DEngined.pch" /Fo"Debug\\" /Fd"Debug\vc140.pdb" /Gd /TP /analyze- /errorReport:prompt src\main.cpp
         main.cpp
     1>c:\users\raffy_000\documents\githubvisualstudio\directxcube\directx11cube\directxtemplate\src\main.cpp(871): warning C4305: 'argument': truncation from 'double' to 'float'
       Link:
         C:\Program Files (x86)\Microsoft Visual Studio 14.0\VC\bin\link.exe /ERRORREPORT:PROMPT /OUT:"bin\3DEngined.exe" /INCREMENTAL /NOLOGO kernel32.lib user32.lib gdi32.lib winspool.lib comdlg32.lib advapi32.lib shell32.lib ole32.lib oleaut32.lib uuid.lib odbc32.lib odbccp32.lib /MANIFEST /MANIFESTUAC:"level='asInvoker' uiAccess='false'" /manifest:embed /Debug /PDB:"bin\3DEngined.pdb" /TLBID:1 /DYNAMICBASE /NXCOMPAT /IMPLIB:"bin\3DEngined.lib" /MACHINE:X86 Debug\DirectXInclude.obj
         Debug\main.obj
         DirectXTemplate.vcxproj -> C:\Users\raffy_000\Documents\GitHubVisualStudio\DirectXCube\DirectX11Cube\DirectXTemplate\bin\3DEngined.exe
     1>Done Building Project "C:\Users\raffy_000\Documents\GitHubVisualStudio\DirectXCube\DirectX11Cube\DirectXTemplate\DirectXTemplate.vcxproj" (Build target(s)).

Build succeeded.

Time Elapsed 00:00:04.14
